2025-07-14 13:26:17,463 - ftp_icloud_photos_sync - INFO - π― FTP β†’ iCloud Photos λ™κΈ°ν™” μ‹μ¤ν… μ‹μ‘
2025-07-14 13:26:17,795 - ftp_icloud_photos_sync - INFO - π“¤ 1κ° νμΌμ„ 1λ²μ μ”μ²­μΌλ΅ μ—…λ΅λ“...
2025-07-14 13:26:18,129 - ftp_icloud_photos_sync - INFO - β… Photos μ•± λ°°μΉ μ¶”κ°€ μ™„λ£: 1κ° νμΌ
2025-07-14 13:26:21,135 - ftp_icloud_photos_sync - INFO - π“¤ 1κ° νμΌμ„ 1λ²μ μ”μ²­μΌλ΅ μ—…λ΅λ“...
2025-07-14 13:26:21,426 - ftp_icloud_photos_sync - INFO - β… Photos μ•± λ°°μΉ μ¶”κ°€ μ™„λ£: 1κ° νμΌ
2025-07-14 13:26:24,431 - ftp_icloud_photos_sync - INFO - π“¤ 1κ° νμΌμ„ 1λ²μ μ”μ²­μΌλ΅ μ—…λ΅λ“...
2025-07-14 13:26:25,834 - ftp_icloud_photos_sync - INFO - β… Photos μ•± λ°°μΉ μ¶”κ°€ μ™„λ£: 1κ° νμΌ
2025-07-14 13:26:28,839 - ftp_icloud_photos_sync - INFO - π“¤ 1κ° νμΌμ„ 1λ²μ μ”μ²­μΌλ΅ μ—…λ΅λ“...
2025-07-14 13:26:29,262 - ftp_icloud_photos_sync - INFO - β… Photos μ•± λ°°μΉ μ¶”κ°€ μ™„λ£: 1κ° νμΌ
2025-07-14 13:26:32,268 - ftp_icloud_photos_sync - INFO - π“¤ 1κ° νμΌμ„ 1λ²μ μ”μ²­μΌλ΅ μ—…λ΅λ“...
2025-07-14 13:26:32,647 - ftp_icloud_photos_sync - INFO - β… Photos μ•± λ°°μΉ μ¶”κ°€ μ™„λ£: 1κ° νμΌ
2025-07-14 13:26:35,653 - ftp_icloud_photos_sync - INFO - π“¤ 1κ° νμΌμ„ 1λ²μ μ”μ²­μΌλ΅ μ—…λ΅λ“...
2025-07-14 13:26:36,006 - ftp_icloud_photos_sync - INFO - β… Photos μ•± λ°°μΉ μ¶”κ°€ μ™„λ£: 1κ° νμΌ
2025-07-14 13:26:39,012 - ftp_icloud_photos_sync - INFO - π“¤ 1κ° νμΌμ„ 1λ²μ μ”μ²­μΌλ΅ μ—…λ΅λ“...
2025-07-14 13:26:39,415 - ftp_icloud_photos_sync - INFO - β… Photos μ•± λ°°μΉ μ¶”κ°€ μ™„λ£: 1κ° νμΌ
2025-07-14 13:26:42,421 - ftp_icloud_photos_sync - INFO - π“¤ 1κ° νμΌμ„ 1λ²μ μ”μ²­μΌλ΅ μ—…λ΅λ“...
2025-07-14 13:26:42,759 - ftp_icloud_photos_sync - INFO - β… Photos μ•± λ°°μΉ μ¶”κ°€ μ™„λ£: 1κ° νμΌ
2025-07-14 13:26:45,765 - ftp_icloud_photos_sync - INFO - π“¤ 1κ° νμΌμ„ 1λ²μ μ”μ²­μΌλ΅ μ—…λ΅λ“...
2025-07-14 13:26:46,092 - ftp_icloud_photos_sync - INFO - β… Photos μ•± λ°°μΉ μ¶”κ°€ μ™„λ£: 1κ° νμΌ
2025-07-14 13:26:49,094 - ftp_icloud_photos_sync - INFO - π“¤ 1κ° νμΌμ„ 1λ²μ μ”μ²­μΌλ΅ μ—…λ΅λ“...
2025-07-14 13:26:49,498 - ftp_icloud_photos_sync - INFO - β… Photos μ•± λ°°μΉ μ¶”κ°€ μ™„λ£: 1κ° νμΌ
2025-07-14 13:26:52,510 - ftp_icloud_photos_sync - INFO - π“¤ 1κ° νμΌμ„ 1λ²μ μ”μ²­μΌλ΅ μ—…λ΅λ“...
2025-07-14 13:26:52,905 - ftp_icloud_photos_sync - INFO - β… Photos μ•± λ°°μΉ μ¶”κ°€ μ™„λ£: 1κ° νμΌ
2025-07-14 13:26:55,911 - ftp_icloud_photos_sync - INFO - π“¤ 1κ° νμΌμ„ 1λ²μ μ”μ²­μΌλ΅ μ—…λ΅λ“...
2025-07-14 13:26:56,399 - ftp_icloud_photos_sync - INFO - β… Photos μ•± λ°°μΉ μ¶”κ°€ μ™„λ£: 1κ° νμΌ
2025-07-14 13:26:59,405 - ftp_icloud_photos_sync - INFO - π“¤ 1κ° νμΌμ„ 1λ²μ μ”μ²­μΌλ΅ μ—…λ΅λ“...
2025-07-14 13:26:59,764 - ftp_icloud_photos_sync - INFO - β… Photos μ•± λ°°μΉ μ¶”κ°€ μ™„λ£: 1κ° νμΌ
2025-07-14 13:27:02,770 - ftp_icloud_photos_sync - INFO - π“¤ 1κ° νμΌμ„ 1λ²μ μ”μ²­μΌλ΅ μ—…λ΅λ“...
2025-07-14 13:27:03,261 - ftp_icloud_photos_sync - INFO - β… Photos μ•± λ°°μΉ μ¶”κ°€ μ™„λ£: 1κ° νμΌ
2025-07-14 13:27:06,267 - ftp_icloud_photos_sync - INFO - π“¤ 1κ° νμΌμ„ 1λ²μ μ”μ²­μΌλ΅ μ—…λ΅λ“...
2025-07-14 13:27:06,681 - ftp_icloud_photos_sync - INFO - β… Photos μ•± λ°°μΉ μ¶”κ°€ μ™„λ£: 1κ° νμΌ
2025-07-14 13:27:09,687 - ftp_icloud_photos_sync - INFO - π“¤ 1κ° νμΌμ„ 1λ²μ μ”μ²­μΌλ΅ μ—…λ΅λ“...
2025-07-14 13:27:10,152 - ftp_icloud_photos_sync - INFO - β… Photos μ•± λ°°μΉ μ¶”κ°€ μ™„λ£: 1κ° νμΌ
2025-07-14 13:27:13,158 - ftp_icloud_photos_sync - INFO - π“¤ 1κ° νμΌμ„ 1λ²μ μ”μ²­μΌλ΅ μ—…λ΅λ“...
2025-07-14 13:27:13,639 - ftp_icloud_photos_sync - INFO - β… Photos μ•± λ°°μΉ μ¶”κ°€ μ™„λ£: 1κ° νμΌ
2025-07-14 13:27:16,643 - ftp_icloud_photos_sync - INFO - π“¤ 1κ° νμΌμ„ 1λ²μ μ”μ²­μΌλ΅ μ—…λ΅λ“...
2025-07-14 13:27:16,814 - ftp_icloud_photos_sync - INFO - β… Photos μ•± λ°°μΉ μ¶”κ°€ μ™„λ£: 1κ° νμΌ
2025-07-14 13:27:19,820 - ftp_icloud_photos_sync - INFO - π“¤ 1κ° νμΌμ„ 1λ²μ μ”μ²­μΌλ΅ μ—…λ΅λ“...
2025-07-14 13:27:20,163 - ftp_icloud_photos_sync - INFO - β… Photos μ•± λ°°μΉ μ¶”κ°€ μ™„λ£: 1κ° νμΌ
2025-07-14 13:27:23,169 - ftp_icloud_photos_sync - INFO - π“¤ 1κ° νμΌμ„ 1λ²μ μ”μ²­μΌλ΅ μ—…λ΅λ“...
2025-07-14 13:27:23,579 - ftp_icloud_photos_sync - INFO - β… Photos μ•± λ°°μΉ μ¶”κ°€ μ™„λ£: 1κ° νμΌ
2025-07-14 13:27:26,581 - ftp_icloud_photos_sync - INFO - π“¤ 1κ° νμΌμ„ 1λ²μ μ”μ²­μΌλ΅ μ—…λ΅λ“...
2025-07-14 13:27:28,217 - ftp_icloud_photos_sync - INFO - β… Photos μ•± λ°°μΉ μ¶”κ°€ μ™„λ£: 1κ° νμΌ
2025-07-14 13:27:31,223 - ftp_icloud_photos_sync - INFO - π“¤ 1κ° νμΌμ„ 1λ²μ μ”μ²­μΌλ΅ μ—…λ΅λ“...
2025-07-14 13:27:31,672 - ftp_icloud_photos_sync - INFO - β… Photos μ•± λ°°μΉ μ¶”κ°€ μ™„λ£: 1κ° νμΌ
2025-07-14 13:27:34,673 - ftp_icloud_photos_sync - INFO - π“¤ 1κ° νμΌμ„ 1λ²μ μ”μ²­μΌλ΅ μ—…λ΅λ“...
2025-07-14 13:27:36,267 - ftp_icloud_photos_sync - INFO - β… Photos μ•± λ°°μΉ μ¶”κ°€ μ™„λ£: 1κ° νμΌ
2025-07-14 13:27:39,273 - ftp_icloud_photos_sync - INFO - π“¤ 1κ° νμΌμ„ 1λ²μ μ”μ²­μΌλ΅ μ—…λ΅λ“...
2025-07-14 13:27:39,586 - ftp_icloud_photos_sync - INFO - β… Photos μ•± λ°°μΉ μ¶”κ°€ μ™„λ£: 1κ° νμΌ
2025-07-14 13:27:42,591 - ftp_icloud_photos_sync - INFO - π“¤ 1κ° νμΌμ„ 1λ²μ μ”μ²­μΌλ΅ μ—…λ΅λ“...
2025-07-14 13:27:44,223 - ftp_icloud_photos_sync - INFO - β… Photos μ•± λ°°μΉ μ¶”κ°€ μ™„λ£: 1κ° νμΌ
2025-07-14 13:27:47,229 - ftp_icloud_photos_sync - INFO - π“¤ 1κ° νμΌμ„ 1λ²μ μ”μ²­μΌλ΅ μ—…λ΅λ“...
2025-07-14 13:27:47,550 - ftp_icloud_photos_sync - INFO - β… Photos μ•± λ°°μΉ μ¶”κ°€ μ™„λ£: 1κ° νμΌ
2025-07-14 13:27:50,556 - ftp_icloud_photos_sync - INFO - π“¤ 1κ° νμΌμ„ 1λ²μ μ”μ²­μΌλ΅ μ—…λ΅λ“...
2025-07-14 13:27:50,837 - ftp_icloud_photos_sync - INFO - β… Photos μ•± λ°°μΉ μ¶”κ°€ μ™„λ£: 1κ° νμΌ
2025-07-14 13:27:53,843 - ftp_icloud_photos_sync - INFO - π“¤ 1κ° νμΌμ„ 1λ²μ μ”μ²­μΌλ΅ μ—…λ΅λ“...
2025-07-14 13:27:54,119 - ftp_icloud_photos_sync - INFO - β… Photos μ•± λ°°μΉ μ¶”κ°€ μ™„λ£: 1κ° νμΌ
2025-07-14 13:27:57,124 - ftp_icloud_photos_sync - INFO - π“¤ 1κ° νμΌμ„ 1λ²μ μ”μ²­μΌλ΅ μ—…λ΅λ“...
2025-07-14 13:27:57,397 - ftp_icloud_photos_sync - INFO - β… Photos μ•± λ°°μΉ μ¶”κ°€ μ™„λ£: 1κ° νμΌ
2025-07-14 13:28:00,402 - ftp_icloud_photos_sync - INFO - π“¤ 1κ° νμΌμ„ 1λ²μ μ”μ²­μΌλ΅ μ—…λ΅λ“...
2025-07-14 13:28:00,672 - ftp_icloud_photos_sync - INFO - β… Photos μ•± λ°°μΉ μ¶”κ°€ μ™„λ£: 1κ° νμΌ
2025-07-14 13:28:03,675 - ftp_icloud_photos_sync - INFO - π“¤ 1κ° νμΌμ„ 1λ²μ μ”μ²­μΌλ΅ μ—…λ΅λ“...
2025-07-14 13:28:03,964 - ftp_icloud_photos_sync - INFO - β… Photos μ•± λ°°μΉ μ¶”κ°€ μ™„λ£: 1κ° νμΌ
2025-07-14 13:28:06,970 - ftp_icloud_photos_sync - INFO - π“¤ 1κ° νμΌμ„ 1λ²μ μ”μ²­μΌλ΅ μ—…λ΅λ“...
2025-07-14 13:28:07,271 - ftp_icloud_photos_sync - INFO - β… Photos μ•± λ°°μΉ μ¶”κ°€ μ™„λ£: 1κ° νμΌ
2025-07-14 13:28:10,278 - ftp_icloud_photos_sync - INFO - π“¤ 1κ° νμΌμ„ 1λ²μ μ”μ²­μΌλ΅ μ—…λ΅λ“...
2025-07-14 13:28:10,604 - ftp_icloud_photos_sync - INFO - β… Photos μ•± λ°°μΉ μ¶”κ°€ μ™„λ£: 1κ° νμΌ
2025-07-14 13:28:13,610 - ftp_icloud_photos_sync - INFO - π“¤ 1κ° νμΌμ„ 1λ²μ μ”μ²­μΌλ΅ μ—…λ΅λ“...
2025-07-14 13:28:13,894 - ftp_icloud_photos_sync - INFO - β… Photos μ•± λ°°μΉ μ¶”κ°€ μ™„λ£: 1κ° νμΌ
2025-07-14 13:28:16,900 - ftp_icloud_photos_sync - INFO - π“¤ 1κ° νμΌμ„ 1λ²μ μ”μ²­μΌλ΅ μ—…λ΅λ“...
2025-07-14 13:28:17,262 - ftp_icloud_photos_sync - INFO - β… Photos μ•± λ°°μΉ μ¶”κ°€ μ™„λ£: 1κ° νμΌ
2025-07-14 13:28:20,268 - ftp_icloud_photos_sync - INFO - π“¤ 1κ° νμΌμ„ 1λ²μ μ”μ²­μΌλ΅ μ—…λ΅λ“...
2025-07-14 13:28:20,659 - ftp_icloud_photos_sync - INFO - β… Photos μ•± λ°°μΉ μ¶”κ°€ μ™„λ£: 1κ° νμΌ
2025-07-14 13:28:23,665 - ftp_icloud_photos_sync - INFO - π“¤ 1κ° νμΌμ„ 1λ²μ μ”μ²­μΌλ΅ μ—…λ΅λ“...
2025-07-14 13:28:24,006 - ftp_icloud_photos_sync - INFO - β… Photos μ•± λ°°μΉ μ¶”κ°€ μ™„λ£: 1κ° νμΌ
2025-07-14 13:28:27,007 - ftp_icloud_photos_sync - INFO - π“¤ 1κ° νμΌμ„ 1λ²μ μ”μ²­μΌλ΅ μ—…λ΅λ“...
2025-07-14 13:28:27,496 - ftp_icloud_photos_sync - INFO - β… Photos μ•± λ°°μΉ μ¶”κ°€ μ™„λ£: 1κ° νμΌ
2025-07-14 13:28:30,502 - ftp_icloud_photos_sync - INFO - π“¤ 1κ° νμΌμ„ 1λ²μ μ”μ²­μΌλ΅ μ—…λ΅λ“...
2025-07-14 13:28:30,879 - ftp_icloud_photos_sync - INFO - β… Photos μ•± λ°°μΉ μ¶”κ°€ μ™„λ£: 1κ° νμΌ
2025-07-14 13:28:33,883 - ftp_icloud_photos_sync - INFO - π“¤ 1κ° νμΌμ„ 1λ²μ μ”μ²­μΌλ΅ μ—…λ΅λ“...
2025-07-14 13:28:34,174 - ftp_icloud_photos_sync - INFO - β… Photos μ•± λ°°μΉ μ¶”κ°€ μ™„λ£: 1κ° νμΌ
2025-07-14 13:28:37,179 - ftp_icloud_photos_sync - INFO - π“¤ 1κ° νμΌμ„ 1λ²μ μ”μ²­μΌλ΅ μ—…λ΅λ“...
2025-07-14 13:28:37,625 - ftp_icloud_photos_sync - INFO - β… Photos μ•± λ°°μΉ μ¶”κ°€ μ™„λ£: 1κ° νμΌ
2025-07-14 13:28:40,626 - ftp_icloud_photos_sync - INFO - π“¤ 1κ° νμΌμ„ 1λ²μ μ”μ²­μΌλ΅ μ—…λ΅λ“...
2025-07-14 13:28:41,061 - ftp_icloud_photos_sync - INFO - β… Photos μ•± λ°°μΉ μ¶”κ°€ μ™„λ£: 1κ° νμΌ
2025-07-14 13:28:44,064 - ftp_icloud_photos_sync - INFO - π“¤ 1κ° νμΌμ„ 1λ²μ μ”μ²­μΌλ΅ μ—…λ΅λ“...
2025-07-14 13:28:44,307 - ftp_icloud_photos_sync - INFO - β… Photos μ•± λ°°μΉ μ¶”κ°€ μ™„λ£: 1κ° νμΌ
2025-07-14 13:28:47,312 - ftp_icloud_photos_sync - INFO - π“¤ 1κ° νμΌμ„ 1λ²μ μ”μ²­μΌλ΅ μ—…λ΅λ“...
2025-07-14 13:28:47,561 - ftp_icloud_photos_sync - INFO - β… Photos μ•± λ°°μΉ μ¶”κ°€ μ™„λ£: 1κ° νμΌ
2025-07-14 13:28:50,567 - ftp_icloud_photos_sync - INFO - π“¤ 1κ° νμΌμ„ 1λ²μ μ”μ²­μΌλ΅ μ—…λ΅λ“...
2025-07-14 13:28:50,964 - ftp_icloud_photos_sync - INFO - β… Photos μ•± λ°°μΉ μ¶”κ°€ μ™„λ£: 1κ° νμΌ
2025-07-14 13:28:53,968 - ftp_icloud_photos_sync - INFO - π“¤ 1κ° νμΌμ„ 1λ²μ μ”μ²­μΌλ΅ μ—…λ΅λ“...
2025-07-14 13:28:54,338 - ftp_icloud_photos_sync - INFO - β… Photos μ•± λ°°μΉ μ¶”κ°€ μ™„λ£: 1κ° νμΌ
2025-07-14 13:28:57,343 - ftp_icloud_photos_sync - INFO - π“¤ 1κ° νμΌμ„ 1λ²μ μ”μ²­μΌλ΅ μ—…λ΅λ“...
2025-07-14 13:28:57,696 - ftp_icloud_photos_sync - INFO - β… Photos μ•± λ°°μΉ μ¶”κ°€ μ™„λ£: 1κ° νμΌ
2025-07-14 13:29:00,702 - ftp_icloud_photos_sync - INFO - π“¤ 1κ° νμΌμ„ 1λ²μ μ”μ²­μΌλ΅ μ—…λ΅λ“...
2025-07-14 13:29:01,097 - ftp_icloud_photos_sync - INFO - β… Photos μ•± λ°°μΉ μ¶”κ°€ μ™„λ£: 1κ° νμΌ
2025-07-14 13:29:04,103 - ftp_icloud_photos_sync - INFO - π“¤ 1κ° νμΌμ„ 1λ²μ μ”μ²­μΌλ΅ μ—…λ΅λ“...
2025-07-14 13:29:04,495 - ftp_icloud_photos_sync - INFO - β… Photos μ•± λ°°μΉ μ¶”κ°€ μ™„λ£: 1κ° νμΌ
2025-07-14 13:29:07,499 - ftp_icloud_photos_sync - INFO - π“¤ 1κ° νμΌμ„ 1λ²μ μ”μ²­μΌλ΅ μ—…λ΅λ“...
2025-07-14 13:29:07,994 - ftp_icloud_photos_sync - INFO - β… Photos μ•± λ°°μΉ μ¶”κ°€ μ™„λ£: 1κ° νμΌ
2025-07-14 13:29:11,000 - ftp_icloud_photos_sync - INFO - π“¤ 1κ° νμΌμ„ 1λ²μ μ”μ²­μΌλ΅ μ—…λ΅λ“...
2025-07-14 13:29:11,374 - ftp_icloud_photos_sync - INFO - β… Photos μ•± λ°°μΉ μ¶”κ°€ μ™„λ£: 1κ° νμΌ
2025-07-14 13:29:14,380 - ftp_icloud_photos_sync - INFO - π“¤ 1κ° νμΌμ„ 1λ²μ μ”μ²­μΌλ΅ μ—…λ΅λ“...
2025-07-14 13:29:14,775 - ftp_icloud_photos_sync - INFO - β… Photos μ•± λ°°μΉ μ¶”κ°€ μ™„λ£: 1κ° νμΌ
2025-07-14 13:29:17,780 - ftp_icloud_photos_sync - INFO - π“¤ 1κ° νμΌμ„ 1λ²μ μ”μ²­μΌλ΅ μ—…λ΅λ“...
2025-07-14 13:29:18,142 - ftp_icloud_photos_sync - INFO - β… Photos μ•± λ°°μΉ μ¶”κ°€ μ™„λ£: 1κ° νμΌ
2025-07-14 13:29:21,147 - ftp_icloud_photos_sync - INFO - π“¤ 1κ° νμΌμ„ 1λ²μ μ”μ²­μΌλ΅ μ—…λ΅λ“...
2025-07-14 13:29:21,497 - ftp_icloud_photos_sync - INFO - β… Photos μ•± λ°°μΉ μ¶”κ°€ μ™„λ£: 1κ° νμΌ
2025-07-14 13:29:24,503 - ftp_icloud_photos_sync - INFO - π“¤ 1κ° νμΌμ„ 1λ²μ μ”μ²­μΌλ΅ μ—…λ΅λ“...
2025-07-14 13:29:24,898 - ftp_icloud_photos_sync - INFO - β… Photos μ•± λ°°μΉ μ¶”κ°€ μ™„λ£: 1κ° νμΌ
2025-07-14 13:29:27,903 - ftp_icloud_photos_sync - INFO - π“¤ 1κ° νμΌμ„ 1λ²μ μ”μ²­μΌλ΅ μ—…λ΅λ“...
2025-07-14 13:29:28,284 - ftp_icloud_photos_sync - INFO - β… Photos μ•± λ°°μΉ μ¶”κ°€ μ™„λ£: 1κ° νμΌ
2025-07-14 13:29:31,290 - ftp_icloud_photos_sync - INFO - π“¤ 1κ° νμΌμ„ 1λ²μ μ”μ²­μΌλ΅ μ—…λ΅λ“...
2025-07-14 13:29:31,752 - ftp_icloud_photos_sync - INFO - β… Photos μ•± λ°°μΉ μ¶”κ°€ μ™„λ£: 1κ° νμΌ
2025-07-14 13:29:34,757 - ftp_icloud_photos_sync - INFO - π“¤ 1κ° νμΌμ„ 1λ²μ μ”μ²­μΌλ΅ μ—…λ΅λ“...
2025-07-14 13:29:35,283 - ftp_icloud_photos_sync - INFO - β… Photos μ•± λ°°μΉ μ¶”κ°€ μ™„λ£: 1κ° νμΌ
2025-07-14 13:29:38,289 - ftp_icloud_photos_sync - INFO - π“¤ 1κ° νμΌμ„ 1λ²μ μ”μ²­μΌλ΅ μ—…λ΅λ“...
2025-07-14 13:29:38,843 - ftp_icloud_photos_sync - INFO - β… Photos μ•± λ°°μΉ μ¶”κ°€ μ™„λ£: 1κ° νμΌ
2025-07-14 13:29:41,849 - ftp_icloud_photos_sync - INFO - π“¤ 1κ° νμΌμ„ 1λ²μ μ”μ²­μΌλ΅ μ—…λ΅λ“...
2025-07-14 13:29:42,237 - ftp_icloud_photos_sync - INFO - β… Photos μ•± λ°°μΉ μ¶”κ°€ μ™„λ£: 1κ° νμΌ
2025-07-14 13:29:45,240 - ftp_icloud_photos_sync - INFO - π“¤ 1κ° νμΌμ„ 1λ²μ μ”μ²­μΌλ΅ μ—…λ΅λ“...
2025-07-14 13:29:45,538 - ftp_icloud_photos_sync - INFO - β… Photos μ•± λ°°μΉ μ¶”κ°€ μ™„λ£: 1κ° νμΌ
2025-07-14 13:29:48,542 - ftp_icloud_photos_sync - INFO - π“¤ 1κ° νμΌμ„ 1λ²μ μ”μ²­μΌλ΅ μ—…λ΅λ“...
2025-07-14 13:29:48,975 - ftp_icloud_photos_sync - INFO - β… Photos μ•± λ°°μΉ μ¶”κ°€ μ™„λ£: 1κ° νμΌ
2025-07-14 13:29:51,977 - ftp_icloud_photos_sync - INFO - π“¤ 1κ° νμΌμ„ 1λ²μ μ”μ²­μΌλ΅ μ—…λ΅λ“...
2025-07-14 13:29:52,398 - ftp_icloud_photos_sync - INFO - β… Photos μ•± λ°°μΉ μ¶”κ°€ μ™„λ£: 1κ° νμΌ
2025-07-14 13:29:55,404 - ftp_icloud_photos_sync - INFO - π“¤ 1κ° νμΌμ„ 1λ²μ μ”μ²­μΌλ΅ μ—…λ΅λ“...
2025-07-14 13:29:55,796 - ftp_icloud_photos_sync - INFO - β… Photos μ•± λ°°μΉ μ¶”κ°€ μ™„λ£: 1κ° νμΌ
2025-07-14 13:29:58,803 - ftp_icloud_photos_sync - INFO - π“¤ 1κ° νμΌμ„ 1λ²μ μ”μ²­μΌλ΅ μ—…λ΅λ“...
2025-07-14 13:29:59,213 - ftp_icloud_photos_sync - INFO - β… Photos μ•± λ°°μΉ μ¶”κ°€ μ™„λ£: 1κ° νμΌ
2025-07-14 13:30:02,216 - ftp_icloud_photos_sync - INFO - π“¤ 1κ° νμΌμ„ 1λ²μ μ”μ²­μΌλ΅ μ—…λ΅λ“...
2025-07-14 13:30:02,506 - ftp_icloud_photos_sync - INFO - β… Photos μ•± λ°°μΉ μ¶”κ°€ μ™„λ£: 1κ° νμΌ
2025-07-14 13:30:05,513 - ftp_icloud_photos_sync - INFO - π“¤ 1κ° νμΌμ„ 1λ²μ μ”μ²­μΌλ΅ μ—…λ΅λ“...
2025-07-14 13:30:05,792 - ftp_icloud_photos_sync - INFO - β… Photos μ•± λ°°μΉ μ¶”κ°€ μ™„λ£: 1κ° νμΌ
2025-07-14 13:30:08,798 - ftp_icloud_photos_sync - INFO - π“¤ 1κ° νμΌμ„ 1λ²μ μ”μ²­μΌλ΅ μ—…λ΅λ“...
2025-07-14 13:30:09,166 - ftp_icloud_photos_sync - INFO - β… Photos μ•± λ°°μΉ μ¶”κ°€ μ™„λ£: 1κ° νμΌ
2025-07-14 13:30:12,171 - ftp_icloud_photos_sync - INFO - π“¤ 1κ° νμΌμ„ 1λ²μ μ”μ²­μΌλ΅ μ—…λ΅λ“...
2025-07-14 13:30:12,485 - ftp_icloud_photos_sync - INFO - β… Photos μ•± λ°°μΉ μ¶”κ°€ μ™„λ£: 1κ° νμΌ
2025-07-14 13:30:15,490 - ftp_icloud_photos_sync - INFO - π“¤ 1κ° νμΌμ„ 1λ²μ μ”μ²­μΌλ΅ μ—…λ΅λ“...
2025-07-14 13:30:15,834 - ftp_icloud_photos_sync - INFO - β… Photos μ•± λ°°μΉ μ¶”κ°€ μ™„λ£: 1κ° νμΌ
2025-07-14 13:30:18,839 - ftp_icloud_photos_sync - INFO - π“¤ 1κ° νμΌμ„ 1λ²μ μ”μ²­μΌλ΅ μ—…λ΅λ“...
2025-07-14 13:30:19,129 - ftp_icloud_photos_sync - INFO - β… Photos μ•± λ°°μΉ μ¶”κ°€ μ™„λ£: 1κ° νμΌ
2025-07-14 13:30:22,135 - ftp_icloud_photos_sync - INFO - π“¤ 1κ° νμΌμ„ 1λ²μ μ”μ²­μΌλ΅ μ—…λ΅λ“...
2025-07-14 13:30:23,463 - ftp_icloud_photos_sync - INFO - β… Photos μ•± λ°°μΉ μ¶”κ°€ μ™„λ£: 1κ° νμΌ
2025-07-14 13:30:26,469 - ftp_icloud_photos_sync - INFO - π“¤ 1κ° νμΌμ„ 1λ²μ μ”μ²­μΌλ΅ μ—…λ΅λ“...
2025-07-14 13:30:26,732 - ftp_icloud_photos_sync - INFO - β… Photos μ•± λ°°μΉ μ¶”κ°€ μ™„λ£: 1κ° νμΌ
2025-07-14 13:30:29,738 - ftp_icloud_photos_sync - INFO - π“¤ 1κ° νμΌμ„ 1λ²μ μ”μ²­μΌλ΅ μ—…λ΅λ“...
2025-07-14 13:30:29,989 - ftp_icloud_photos_sync - INFO - β… Photos μ•± λ°°μΉ μ¶”κ°€ μ™„λ£: 1κ° νμΌ
π― μ§μ ‘ λ™κΈ°ν™” μ‹μ‘ (μ¤‘λ³µ μ²΄ν¬ μ—†μ)
π“‚ νμΌ μ¤μΊ” μ¤‘...
π“ λ°κ²¬λ νμΌ: 24410κ°
π“¦ λ°°μΉ 1/24410: 1κ° νμΌ μ—…λ΅λ“ μ¤‘...
β… λ°°μΉ 1 μ„±κ³µ: 1κ°
π“ μ§„ν–‰λ¥ : 0.0% (1/24410)
π“¦ λ°°μΉ 2/24410: 1κ° νμΌ μ—…λ΅λ“ μ¤‘...
β… λ°°μΉ 2 μ„±κ³µ: 1κ°
π“ μ§„ν–‰λ¥ : 0.0% (2/24410)
π“¦ λ°°μΉ 3/24410: 1κ° νμΌ μ—…λ΅λ“ μ¤‘...
β… λ°°μΉ 3 μ„±κ³µ: 1κ°
π“ μ§„ν–‰λ¥ : 0.0% (3/24410)
π“¦ λ°°μΉ 4/24410: 1κ° νμΌ μ—…λ΅λ“ μ¤‘...
β… λ°°μΉ 4 μ„±κ³µ: 1κ°
π“ μ§„ν–‰λ¥ : 0.0% (4/24410)
π“¦ λ°°μΉ 5/24410: 1κ° νμΌ μ—…λ΅λ“ μ¤‘...
β… λ°°μΉ 5 μ„±κ³µ: 1κ°
π“ μ§„ν–‰λ¥ : 0.0% (5/24410)
π“¦ λ°°μΉ 6/24410: 1κ° νμΌ μ—…λ΅λ“ μ¤‘...
β… λ°°μΉ 6 μ„±κ³µ: 1κ°
π“ μ§„ν–‰λ¥ : 0.0% (6/24410)
π“¦ λ°°μΉ 7/24410: 1κ° νμΌ μ—…λ΅λ“ μ¤‘...
β… λ°°μΉ 7 μ„±κ³µ: 1κ°
π“ μ§„ν–‰λ¥ : 0.0% (7/24410)
π“¦ λ°°μΉ 8/24410: 1κ° νμΌ μ—…λ΅λ“ μ¤‘...
β… λ°°μΉ 8 μ„±κ³µ: 1κ°
π“ μ§„ν–‰λ¥ : 0.0% (8/24410)
π“¦ λ°°μΉ 9/24410: 1κ° νμΌ μ—…λ΅λ“ μ¤‘...
β… λ°°μΉ 9 μ„±κ³µ: 1κ°
π“ μ§„ν–‰λ¥ : 0.0% (9/24410)
π“¦ λ°°μΉ 10/24410: 1κ° νμΌ μ—…λ΅λ“ μ¤‘...
β… λ°°μΉ 10 μ„±κ³µ: 1κ°
π“ μ§„ν–‰λ¥ : 0.0% (10/24410)
π“¦ λ°°μΉ 11/24410: 1κ° νμΌ μ—…λ΅λ“ μ¤‘...
β… λ°°μΉ 11 μ„±κ³µ: 1κ°
π“ μ§„ν–‰λ¥ : 0.0% (11/24410)
π“¦ λ°°μΉ 12/24410: 1κ° νμΌ μ—…λ΅λ“ μ¤‘...
β… λ°°μΉ 12 μ„±κ³µ: 1κ°
π“ μ§„ν–‰λ¥ : 0.0% (12/24410)
π“¦ λ°°μΉ 13/24410: 1κ° νμΌ μ—…λ΅λ“ μ¤‘...
β… λ°°μΉ 13 μ„±κ³µ: 1κ°
π“ μ§„ν–‰λ¥ : 0.1% (13/24410)
π“¦ λ°°μΉ 14/24410: 1κ° νμΌ μ—…λ΅λ“ μ¤‘...
β… λ°°μΉ 14 μ„±κ³µ: 1κ°
π“ μ§„ν–‰λ¥ : 0.1% (14/24410)
π“¦ λ°°μΉ 15/24410: 1κ° νμΌ μ—…λ΅λ“ μ¤‘...
β… λ°°μΉ 15 μ„±κ³µ: 1κ°
π“ μ§„ν–‰λ¥ : 0.1% (15/24410)
π“¦ λ°°μΉ 16/24410: 1κ° νμΌ μ—…λ΅λ“ μ¤‘...
β… λ°°μΉ 16 μ„±κ³µ: 1κ°
π“ μ§„ν–‰λ¥ : 0.1% (16/24410)
π“¦ λ°°μΉ 17/24410: 1κ° νμΌ μ—…λ΅λ“ μ¤‘...
β… λ°°μΉ 17 μ„±κ³µ: 1κ°
π“ μ§„ν–‰λ¥ : 0.1% (17/24410)
π“¦ λ°°μΉ 18/24410: 1κ° νμΌ μ—…λ΅λ“ μ¤‘...
β… λ°°μΉ 18 μ„±κ³µ: 1κ°
π“ μ§„ν–‰λ¥ : 0.1% (18/24410)
π“¦ λ°°μΉ 19/24410: 1κ° νμΌ μ—…λ΅λ“ μ¤‘...
β… λ°°μΉ 19 μ„±κ³µ: 1κ°
π“ μ§„ν–‰λ¥ : 0.1% (19/24410)
π“¦ λ°°μΉ 20/24410: 1κ° νμΌ μ—…λ΅λ“ μ¤‘...
β… λ°°μΉ 20 μ„±κ³µ: 1κ°
π“ μ§„ν–‰λ¥ : 0.1% (20/24410)
π“¦ λ°°μΉ 21/24410: 1κ° νμΌ μ—…λ΅λ“ μ¤‘...
β… λ°°μΉ 21 μ„±κ³µ: 1κ°
π“ μ§„ν–‰λ¥ : 0.1% (21/24410)
π“¦ λ°°μΉ 22/24410: 1κ° νμΌ μ—…λ΅λ“ μ¤‘...
β… λ°°μΉ 22 μ„±κ³µ: 1κ°
π“ μ§„ν–‰λ¥ : 0.1% (22/24410)
π“¦ λ°°μΉ 23/24410: 1κ° νμΌ μ—…λ΅λ“ μ¤‘...
β… λ°°μΉ 23 μ„±κ³µ: 1κ°
π“ μ§„ν–‰λ¥ : 0.1% (23/24410)
π“¦ λ°°μΉ 24/24410: 1κ° νμΌ μ—…λ΅λ“ μ¤‘...
β… λ°°μΉ 24 μ„±κ³µ: 1κ°
π“ μ§„ν–‰λ¥ : 0.1% (24/24410)
π“¦ λ°°μΉ 25/24410: 1κ° νμΌ μ—…λ΅λ“ μ¤‘...
β… λ°°μΉ 25 μ„±κ³µ: 1κ°
π“ μ§„ν–‰λ¥ : 0.1% (25/24410)
π“¦ λ°°μΉ 26/24410: 1κ° νμΌ μ—…λ΅λ“ μ¤‘...
β… λ°°μΉ 26 μ„±κ³µ: 1κ°
π“ μ§„ν–‰λ¥ : 0.1% (26/24410)
π“¦ λ°°μΉ 27/24410: 1κ° νμΌ μ—…λ΅λ“ μ¤‘...
β… λ°°μΉ 27 μ„±κ³µ: 1κ°
π“ μ§„ν–‰λ¥ : 0.1% (27/24410)
π“¦ λ°°μΉ 28/24410: 1κ° νμΌ μ—…λ΅λ“ μ¤‘...
β… λ°°μΉ 28 μ„±κ³µ: 1κ°
π“ μ§„ν–‰λ¥ : 0.1% (28/24410)
π“¦ λ°°μΉ 29/24410: 1κ° νμΌ μ—…λ΅λ“ μ¤‘...
β… λ°°μΉ 29 μ„±κ³µ: 1κ°
π“ μ§„ν–‰λ¥ : 0.1% (29/24410)
π“¦ λ°°μΉ 30/24410: 1κ° νμΌ μ—…λ΅λ“ μ¤‘...
β… λ°°μΉ 30 μ„±κ³µ: 1κ°
π“ μ§„ν–‰λ¥ : 0.1% (30/24410)
π“¦ λ°°μΉ 31/24410: 1κ° νμΌ μ—…λ΅λ“ μ¤‘...
β… λ°°μΉ 31 μ„±κ³µ: 1κ°
π“ μ§„ν–‰λ¥ : 0.1% (31/24410)
π“¦ λ°°μΉ 32/24410: 1κ° νμΌ μ—…λ΅λ“ μ¤‘...
β… λ°°μΉ 32 μ„±κ³µ: 1κ°
π“ μ§„ν–‰λ¥ : 0.1% (32/24410)
π“¦ λ°°μΉ 33/24410: 1κ° νμΌ μ—…λ΅λ“ μ¤‘...
β… λ°°μΉ 33 μ„±κ³µ: 1κ°
π“ μ§„ν–‰λ¥ : 0.1% (33/24410)
π“¦ λ°°μΉ 34/24410: 1κ° νμΌ μ—…λ΅λ“ μ¤‘...
β… λ°°μΉ 34 μ„±κ³µ: 1κ°
π“ μ§„ν–‰λ¥ : 0.1% (34/24410)
π“¦ λ°°μΉ 35/24410: 1κ° νμΌ μ—…λ΅λ“ μ¤‘...
β… λ°°μΉ 35 μ„±κ³µ: 1κ°
π“ μ§„ν–‰λ¥ : 0.1% (35/24410)
π“¦ λ°°μΉ 36/24410: 1κ° νμΌ μ—…λ΅λ“ μ¤‘...
β… λ°°μΉ 36 μ„±κ³µ: 1κ°
π“ μ§„ν–‰λ¥ : 0.1% (36/24410)
π“¦ λ°°μΉ 37/24410: 1κ° νμΌ μ—…λ΅λ“ μ¤‘...
β… λ°°μΉ 37 μ„±κ³µ: 1κ°
π“ μ§„ν–‰λ¥ : 0.2% (37/24410)
π“¦ λ°°μΉ 38/24410: 1κ° νμΌ μ—…λ΅λ“ μ¤‘...
β… λ°°μΉ 38 μ„±κ³µ: 1κ°
π“ μ§„ν–‰λ¥ : 0.2% (38/24410)
π“¦ λ°°μΉ 39/24410: 1κ° νμΌ μ—…λ΅λ“ μ¤‘...
β… λ°°μΉ 39 μ„±κ³µ: 1κ°
π“ μ§„ν–‰λ¥ : 0.2% (39/24410)
π“¦ λ°°μΉ 40/24410: 1κ° νμΌ μ—…λ΅λ“ μ¤‘...
β… λ°°μΉ 40 μ„±κ³µ: 1κ°
π“ μ§„ν–‰λ¥ : 0.2% (40/24410)
π“¦ λ°°μΉ 41/24410: 1κ° νμΌ μ—…λ΅λ“ μ¤‘...
β… λ°°μΉ 41 μ„±κ³µ: 1κ°
π“ μ§„ν–‰λ¥ : 0.2% (41/24410)
π“¦ λ°°μΉ 42/24410: 1κ° νμΌ μ—…λ΅λ“ μ¤‘...
β… λ°°μΉ 42 μ„±κ³µ: 1κ°
π“ μ§„ν–‰λ¥ : 0.2% (42/24410)
π“¦ λ°°μΉ 43/24410: 1κ° νμΌ μ—…λ΅λ“ μ¤‘...
β… λ°°μΉ 43 μ„±κ³µ: 1κ°
π“ μ§„ν–‰λ¥ : 0.2% (43/24410)
π“¦ λ°°μΉ 44/24410: 1κ° νμΌ μ—…λ΅λ“ μ¤‘...
β… λ°°μΉ 44 μ„±κ³µ: 1κ°
π“ μ§„ν–‰λ¥ : 0.2% (44/24410)
π“¦ λ°°μΉ 45/24410: 1κ° νμΌ μ—…λ΅λ“ μ¤‘...
β… λ°°μΉ 45 μ„±κ³µ: 1κ°
π“ μ§„ν–‰λ¥ : 0.2% (45/24410)
π“¦ λ°°μΉ 46/24410: 1κ° νμΌ μ—…λ΅λ“ μ¤‘...
β… λ°°μΉ 46 μ„±κ³µ: 1κ°
π“ μ§„ν–‰λ¥ : 0.2% (46/24410)
π“¦ λ°°μΉ 47/24410: 1κ° νμΌ μ—…λ΅λ“ μ¤‘...
β… λ°°μΉ 47 μ„±κ³µ: 1κ°
π“ μ§„ν–‰λ¥ : 0.2% (47/24410)
π“¦ λ°°μΉ 48/24410: 1κ° νμΌ μ—…λ΅λ“ μ¤‘...
β… λ°°μΉ 48 μ„±κ³µ: 1κ°
π“ μ§„ν–‰λ¥ : 0.2% (48/24410)
π“¦ λ°°μΉ 49/24410: 1κ° νμΌ μ—…λ΅λ“ μ¤‘...
β… λ°°μΉ 49 μ„±κ³µ: 1κ°
π“ μ§„ν–‰λ¥ : 0.2% (49/24410)
π“¦ λ°°μΉ 50/24410: 1κ° νμΌ μ—…λ΅λ“ μ¤‘...
β… λ°°μΉ 50 μ„±κ³µ: 1κ°
π“ μ§„ν–‰λ¥ : 0.2% (50/24410)
π“¦ λ°°μΉ 51/24410: 1κ° νμΌ μ—…λ΅λ“ μ¤‘...
β… λ°°μΉ 51 μ„±κ³µ: 1κ°
π“ μ§„ν–‰λ¥ : 0.2% (51/24410)
π“¦ λ°°μΉ 52/24410: 1κ° νμΌ μ—…λ΅λ“ μ¤‘...
β… λ°°μΉ 52 μ„±κ³µ: 1κ°
π“ μ§„ν–‰λ¥ : 0.2% (52/24410)
π“¦ λ°°μΉ 53/24410: 1κ° νμΌ μ—…λ΅λ“ μ¤‘...
β… λ°°μΉ 53 μ„±κ³µ: 1κ°
π“ μ§„ν–‰λ¥ : 0.2% (53/24410)
π“¦ λ°°μΉ 54/24410: 1κ° νμΌ μ—…λ΅λ“ μ¤‘...
β… λ°°μΉ 54 μ„±κ³µ: 1κ°
π“ μ§„ν–‰λ¥ : 0.2% (54/24410)
π“¦ λ°°μΉ 55/24410: 1κ° νμΌ μ—…λ΅λ“ μ¤‘...
β… λ°°μΉ 55 μ„±κ³µ: 1κ°
π“ μ§„ν–‰λ¥ : 0.2% (55/24410)
π“¦ λ°°μΉ 56/24410: 1κ° νμΌ μ—…λ΅λ“ μ¤‘...
β… λ°°μΉ 56 μ„±κ³µ: 1κ°
π“ μ§„ν–‰λ¥ : 0.2% (56/24410)
π“¦ λ°°μΉ 57/24410: 1κ° νμΌ μ—…λ΅λ“ μ¤‘...
β… λ°°μΉ 57 μ„±κ³µ: 1κ°
π“ μ§„ν–‰λ¥ : 0.2% (57/24410)
π“¦ λ°°μΉ 58/24410: 1κ° νμΌ μ—…λ΅λ“ μ¤‘...
β… λ°°μΉ 58 μ„±κ³µ: 1κ°
π“ μ§„ν–‰λ¥ : 0.2% (58/24410)
π“¦ λ°°μΉ 59/24410: 1κ° νμΌ μ—…λ΅λ“ μ¤‘...
β… λ°°μΉ 59 μ„±κ³µ: 1κ°
π“ μ§„ν–‰λ¥ : 0.2% (59/24410)
π“¦ λ°°μΉ 60/24410: 1κ° νμΌ μ—…λ΅λ“ μ¤‘...
β… λ°°μΉ 60 μ„±κ³µ: 1κ°
π“ μ§„ν–‰λ¥ : 0.2% (60/24410)
π“¦ λ°°μΉ 61/24410: 1κ° νμΌ μ—…λ΅λ“ μ¤‘...
β… λ°°μΉ 61 μ„±κ³µ: 1κ°
π“ μ§„ν–‰λ¥ : 0.2% (61/24410)
π“¦ λ°°μΉ 62/24410: 1κ° νμΌ μ—…λ΅λ“ μ¤‘...
β… λ°°μΉ 62 μ„±κ³µ: 1κ°
π“ μ§„ν–‰λ¥ : 0.3% (62/24410)
π“¦ λ°°μΉ 63/24410: 1κ° νμΌ μ—…λ΅λ“ μ¤‘...
β… λ°°μΉ 63 μ„±κ³µ: 1κ°
π“ μ§„ν–‰λ¥ : 0.3% (63/24410)
π“¦ λ°°μΉ 64/24410: 1κ° νμΌ μ—…λ΅λ“ μ¤‘...
β… λ°°μΉ 64 μ„±κ³µ: 1κ°
π“ μ§„ν–‰λ¥ : 0.3% (64/24410)
π“¦ λ°°μΉ 65/24410: 1κ° νμΌ μ—…λ΅λ“ μ¤‘...
β… λ°°μΉ 65 μ„±κ³µ: 1κ°
π“ μ§„ν–‰λ¥ : 0.3% (65/24410)
π“¦ λ°°μΉ 66/24410: 1κ° νμΌ μ—…λ΅λ“ μ¤‘...
β… λ°°μΉ 66 μ„±κ³µ: 1κ°
π“ μ§„ν–‰λ¥ : 0.3% (66/24410)
π“¦ λ°°μΉ 67/24410: 1κ° νμΌ μ—…λ΅λ“ μ¤‘...
β… λ°°μΉ 67 μ„±κ³µ: 1κ°
π“ μ§„ν–‰λ¥ : 0.3% (67/24410)
π“¦ λ°°μΉ 68/24410: 1κ° νμΌ μ—…λ΅λ“ μ¤‘...
β… λ°°μΉ 68 μ„±κ³µ: 1κ°
π“ μ§„ν–‰λ¥ : 0.3% (68/24410)
π“¦ λ°°μΉ 69/24410: 1κ° νμΌ μ—…λ΅λ“ μ¤‘...
β… λ°°μΉ 69 μ„±κ³µ: 1κ°
π“ μ§„ν–‰λ¥ : 0.3% (69/24410)
π“¦ λ°°μΉ 70/24410: 1κ° νμΌ μ—…λ΅λ“ μ¤‘...
β… λ°°μΉ 70 μ„±κ³µ: 1κ°
π“ μ§„ν–‰λ¥ : 0.3% (70/24410)
π“¦ λ°°μΉ 71/24410: 1κ° νμΌ μ—…λ΅λ“ μ¤‘...
β… λ°°μΉ 71 μ„±κ³µ: 1κ°
π“ μ§„ν–‰λ¥ : 0.3% (71/24410)
π“¦ λ°°μΉ 72/24410: 1κ° νμΌ μ—…λ΅λ“ μ¤‘...
β… λ°°μΉ 72 μ„±κ³µ: 1κ°
π“ μ§„ν–‰λ¥ : 0.3% (72/24410)
π“¦ λ°°μΉ 73/24410: 1κ° νμΌ μ—…λ΅λ“ μ¤‘...
β… λ°°μΉ 73 μ„±κ³µ: 1κ°
π“ μ§„ν–‰λ¥ : 0.3% (73/24410)
π“¦ λ°°μΉ 74/24410: 1κ° νμΌ μ—…λ΅λ“ μ¤‘...
β… λ°°μΉ 74 μ„±κ³µ: 1κ°
2025-07-14 13:30:32,995 - ftp_icloud_photos_sync - INFO - π“¤ 1κ° νμΌμ„ 1λ²μ μ”μ²­μΌλ΅ μ—…λ΅λ“...
2025-07-14 13:30:33,346 - ftp_icloud_photos_sync - INFO - β… Photos μ•± λ°°μΉ μ¶”κ°€ μ™„λ£: 1κ° νμΌ
2025-07-14 13:30:36,352 - ftp_icloud_photos_sync - INFO - π“¤ 1κ° νμΌμ„ 1λ²μ μ”μ²­μΌλ΅ μ—…λ΅λ“...
2025-07-14 13:30:36,636 - ftp_icloud_photos_sync - INFO - β… Photos μ•± λ°°μΉ μ¶”κ°€ μ™„λ£: 1κ° νμΌ
2025-07-14 13:30:39,641 - ftp_icloud_photos_sync - INFO - π“¤ 1κ° νμΌμ„ 1λ²μ μ”μ²­μΌλ΅ μ—…λ΅λ“...
2025-07-14 13:30:39,972 - ftp_icloud_photos_sync - INFO - β… Photos μ•± λ°°μΉ μ¶”κ°€ μ™„λ£: 1κ° νμΌ
2025-07-14 13:30:42,977 - ftp_icloud_photos_sync - INFO - π“¤ 1κ° νμΌμ„ 1λ²μ μ”μ²­μΌλ΅ μ—…λ΅λ“...
2025-07-14 13:30:43,316 - ftp_icloud_photos_sync - INFO - β… Photos μ•± λ°°μΉ μ¶”κ°€ μ™„λ£: 1κ° νμΌ
2025-07-14 13:30:46,319 - ftp_icloud_photos_sync - INFO - π“¤ 1κ° νμΌμ„ 1λ²μ μ”μ²­μΌλ΅ μ—…λ΅λ“...
2025-07-14 13:30:46,605 - ftp_icloud_photos_sync - INFO - β… Photos μ•± λ°°μΉ μ¶”κ°€ μ™„λ£: 1κ° νμΌ
2025-07-14 13:30:49,610 - ftp_icloud_photos_sync - INFO - π“¤ 1κ° νμΌμ„ 1λ²μ μ”μ²­μΌλ΅ μ—…λ΅λ“...
2025-07-14 13:30:49,976 - ftp_icloud_photos_sync - INFO - β… Photos μ•± λ°°μΉ μ¶”κ°€ μ™„λ£: 1κ° νμΌ
2025-07-14 13:30:52,982 - ftp_icloud_photos_sync - INFO - π“¤ 1κ° νμΌμ„ 1λ²μ μ”μ²­μΌλ΅ μ—…λ΅λ“...
2025-07-14 13:30:53,511 - ftp_icloud_photos_sync - INFO - β… Photos μ•± λ°°μΉ μ¶”κ°€ μ™„λ£: 1κ° νμΌ
2025-07-14 13:30:56,514 - ftp_icloud_photos_sync - INFO - π“¤ 1κ° νμΌμ„ 1λ²μ μ”μ²­μΌλ΅ μ—…λ΅λ“...
2025-07-14 13:30:56,755 - ftp_icloud_photos_sync - INFO - β… Photos μ•± λ°°μΉ μ¶”κ°€ μ™„λ£: 1κ° νμΌ
2025-07-14 13:30:59,760 - ftp_icloud_photos_sync - INFO - π“¤ 1κ° νμΌμ„ 1λ²μ μ”μ²­μΌλ΅ μ—…λ΅λ“...
2025-07-14 13:31:00,269 - ftp_icloud_photos_sync - INFO - β… Photos μ•± λ°°μΉ μ¶”κ°€ μ™„λ£: 1κ° νμΌ
2025-07-14 13:31:03,275 - ftp_icloud_photos_sync - INFO - π“¤ 1κ° νμΌμ„ 1λ²μ μ”μ²­μΌλ΅ μ—…λ΅λ“...
2025-07-14 13:31:03,517 - ftp_icloud_photos_sync - INFO - β… Photos μ•± λ°°μΉ μ¶”κ°€ μ™„λ£: 1κ° νμΌ
2025-07-14 13:31:06,520 - ftp_icloud_photos_sync - INFO - π“¤ 1κ° νμΌμ„ 1λ²μ μ”μ²­μΌλ΅ μ—…λ΅λ“...
2025-07-14 13:31:06,925 - ftp_icloud_photos_sync - INFO - β… Photos μ•± λ°°μΉ μ¶”κ°€ μ™„λ£: 1κ° νμΌ
2025-07-14 13:31:09,931 - ftp_icloud_photos_sync - INFO - π“¤ 1κ° νμΌμ„ 1λ²μ μ”μ²­μΌλ΅ μ—…λ΅λ“...
2025-07-14 13:31:10,204 - ftp_icloud_photos_sync - INFO - β… Photos μ•± λ°°μΉ μ¶”κ°€ μ™„λ£: 1κ° νμΌ
2025-07-14 13:31:13,210 - ftp_icloud_photos_sync - INFO - π“¤ 1κ° νμΌμ„ 1λ²μ μ”μ²­μΌλ΅ μ—…λ΅λ“...
2025-07-14 13:31:13,502 - ftp_icloud_photos_sync - INFO - β… Photos μ•± λ°°μΉ μ¶”κ°€ μ™„λ£: 1κ° νμΌ
2025-07-14 13:31:16,505 - ftp_icloud_photos_sync - INFO - π“¤ 1κ° νμΌμ„ 1λ²μ μ”μ²­μΌλ΅ μ—…λ΅λ“...
2025-07-14 13:31:16,743 - ftp_icloud_photos_sync - INFO - β… Photos μ•± λ°°μΉ μ¶”κ°€ μ™„λ£: 1κ° νμΌ
2025-07-14 13:31:19,749 - ftp_icloud_photos_sync - INFO - π“¤ 1κ° νμΌμ„ 1λ²μ μ”μ²­μΌλ΅ μ—…λ΅λ“...
2025-07-14 13:31:20,035 - ftp_icloud_photos_sync - INFO - β… Photos μ•± λ°°μΉ μ¶”κ°€ μ™„λ£: 1κ° νμΌ
2025-07-14 13:31:23,041 - ftp_icloud_photos_sync - INFO - π“¤ 1κ° νμΌμ„ 1λ²μ μ”μ²­μΌλ΅ μ—…λ΅λ“...
2025-07-14 13:31:23,323 - ftp_icloud_photos_sync - INFO - β… Photos μ•± λ°°μΉ μ¶”κ°€ μ™„λ£: 1κ° νμΌ
2025-07-14 13:31:26,329 - ftp_icloud_photos_sync - INFO - π“¤ 1κ° νμΌμ„ 1λ²μ μ”μ²­μΌλ΅ μ—…λ΅λ“...
2025-07-14 13:31:26,721 - ftp_icloud_photos_sync - INFO - β… Photos μ•± λ°°μΉ μ¶”κ°€ μ™„λ£: 1κ° νμΌ
2025-07-14 13:31:29,727 - ftp_icloud_photos_sync - INFO - π“¤ 1κ° νμΌμ„ 1λ²μ μ”μ²­μΌλ΅ μ—…λ΅λ“...
2025-07-14 13:31:30,075 - ftp_icloud_photos_sync - INFO - β… Photos μ•± λ°°μΉ μ¶”κ°€ μ™„λ£: 1κ° νμΌ
2025-07-14 13:31:33,081 - ftp_icloud_photos_sync - INFO - π“¤ 1κ° νμΌμ„ 1λ²μ μ”μ²­μΌλ΅ μ—…λ΅λ“...
2025-07-14 13:31:33,460 - ftp_icloud_photos_sync - INFO - β… Photos μ•± λ°°μΉ μ¶”κ°€ μ™„λ£: 1κ° νμΌ
2025-07-14 13:31:36,468 - ftp_icloud_photos_sync - INFO - π“¤ 1κ° νμΌμ„ 1λ²μ μ”μ²­μΌλ΅ μ—…λ΅λ“...
2025-07-14 13:31:36,665 - ftp_icloud_photos_sync - INFO - β… Photos μ•± λ°°μΉ μ¶”κ°€ μ™„λ£: 1κ° νμΌ
2025-07-14 13:31:39,671 - ftp_icloud_photos_sync - INFO - π“¤ 1κ° νμΌμ„ 1λ²μ μ”μ²­μΌλ΅ μ—…λ΅λ“...
2025-07-14 13:31:39,863 - ftp_icloud_photos_sync - INFO - β… Photos μ•± λ°°μΉ μ¶”κ°€ μ™„λ£: 1κ° νμΌ
2025-07-14 13:31:42,869 - ftp_icloud_photos_sync - INFO - π“¤ 1κ° νμΌμ„ 1λ²μ μ”μ²­μΌλ΅ μ—…λ΅λ“...
2025-07-14 13:31:43,060 - ftp_icloud_photos_sync - INFO - β… Photos μ•± λ°°μΉ μ¶”κ°€ μ™„λ£: 1κ° νμΌ
2025-07-14 13:31:46,066 - ftp_icloud_photos_sync - INFO - π“¤ 1κ° νμΌμ„ 1λ²μ μ”μ²­μΌλ΅ μ—…λ΅λ“...
2025-07-14 13:31:46,244 - ftp_icloud_photos_sync - INFO - β… Photos μ•± λ°°μΉ μ¶”κ°€ μ™„λ£: 1κ° νμΌ
2025-07-14 13:31:49,249 - ftp_icloud_photos_sync - INFO - π“¤ 1κ° νμΌμ„ 1λ²μ μ”μ²­μΌλ΅ μ—…λ΅λ“...
2025-07-14 13:31:49,438 - ftp_icloud_photos_sync - INFO - β… Photos μ•± λ°°μΉ μ¶”κ°€ μ™„λ£: 1κ° νμΌ
2025-07-14 13:31:52,443 - ftp_icloud_photos_sync - INFO - π“¤ 1κ° νμΌμ„ 1λ²μ μ”μ²­μΌλ΅ μ—…λ΅λ“...
2025-07-14 13:31:52,614 - ftp_icloud_photos_sync - INFO - β… Photos μ•± λ°°μΉ μ¶”κ°€ μ™„λ£: 1κ° νμΌ
2025-07-14 13:31:55,620 - ftp_icloud_photos_sync - INFO - π“¤ 1κ° νμΌμ„ 1λ²μ μ”μ²­μΌλ΅ μ—…λ΅λ“...
2025-07-14 13:31:55,785 - ftp_icloud_photos_sync - INFO - β… Photos μ•± λ°°μΉ μ¶”κ°€ μ™„λ£: 1κ° νμΌ
2025-07-14 13:31:58,792 - ftp_icloud_photos_sync - INFO - π“¤ 1κ° νμΌμ„ 1λ²μ μ”μ²­μΌλ΅ μ—…λ΅λ“...
2025-07-14 13:31:58,978 - ftp_icloud_photos_sync - INFO - β… Photos μ•± λ°°μΉ μ¶”κ°€ μ™„λ£: 1κ° νμΌ
2025-07-14 13:32:01,984 - ftp_icloud_photos_sync - INFO - π“¤ 1κ° νμΌμ„ 1λ²μ μ”μ²­μΌλ΅ μ—…λ΅λ“...
2025-07-14 13:32:02,161 - ftp_icloud_photos_sync - INFO - β… Photos μ•± λ°°μΉ μ¶”κ°€ μ™„λ£: 1κ° νμΌ
2025-07-14 13:32:05,167 - ftp_icloud_photos_sync - INFO - π“¤ 1κ° νμΌμ„ 1λ²μ μ”μ²­μΌλ΅ μ—…λ΅λ“...
2025-07-14 13:32:05,380 - ftp_icloud_photos_sync - INFO - β… Photos μ•± λ°°μΉ μ¶”κ°€ μ™„λ£: 1κ° νμΌ
2025-07-14 13:32:08,386 - ftp_icloud_photos_sync - INFO - π“¤ 1κ° νμΌμ„ 1λ²μ μ”μ²­μΌλ΅ μ—…λ΅λ“...
2025-07-14 13:32:08,562 - ftp_icloud_photos_sync - INFO - β… Photos μ•± λ°°μΉ μ¶”κ°€ μ™„λ£: 1κ° νμΌ
2025-07-14 13:32:11,565 - ftp_icloud_photos_sync - INFO - π“¤ 1κ° νμΌμ„ 1λ²μ μ”μ²­μΌλ΅ μ—…λ΅λ“...
2025-07-14 13:32:11,722 - ftp_icloud_photos_sync - INFO - β… Photos μ•± λ°°μΉ μ¶”κ°€ μ™„λ£: 1κ° νμΌ
2025-07-14 13:32:14,725 - ftp_icloud_photos_sync - INFO - π“¤ 1κ° νμΌμ„ 1λ²μ μ”μ²­μΌλ΅ μ—…λ΅λ“...
2025-07-14 13:32:14,910 - ftp_icloud_photos_sync - INFO - β… Photos μ•± λ°°μΉ μ¶”κ°€ μ™„λ£: 1κ° νμΌ
2025-07-14 13:32:17,911 - ftp_icloud_photos_sync - INFO - π“¤ 1κ° νμΌμ„ 1λ²μ μ”μ²­μΌλ΅ μ—…λ΅λ“...
2025-07-14 13:32:18,106 - ftp_icloud_photos_sync - INFO - β… Photos μ•± λ°°μΉ μ¶”κ°€ μ™„λ£: 1κ° νμΌ
2025-07-14 13:32:21,112 - ftp_icloud_photos_sync - INFO - π“¤ 1κ° νμΌμ„ 1λ²μ μ”μ²­μΌλ΅ μ—…λ΅λ“...
2025-07-14 13:32:21,295 - ftp_icloud_photos_sync - INFO - β… Photos μ•± λ°°μΉ μ¶”κ°€ μ™„λ£: 1κ° νμΌ
2025-07-14 13:32:24,301 - ftp_icloud_photos_sync - INFO - π“¤ 1κ° νμΌμ„ 1λ²μ μ”μ²­μΌλ΅ μ—…λ΅λ“...
2025-07-14 13:32:24,485 - ftp_icloud_photos_sync - INFO - β… Photos μ•± λ°°μΉ μ¶”κ°€ μ™„λ£: 1κ° νμΌ
2025-07-14 13:32:27,492 - ftp_icloud_photos_sync - INFO - π“¤ 1κ° νμΌμ„ 1λ²μ μ”μ²­μΌλ΅ μ—…λ΅λ“...
2025-07-14 13:32:27,675 - ftp_icloud_photos_sync - INFO - β… Photos μ•± λ°°μΉ μ¶”κ°€ μ™„λ£: 1κ° νμΌ
2025-07-14 13:32:30,681 - ftp_icloud_photos_sync - INFO - π“¤ 1κ° νμΌμ„ 1λ²μ μ”μ²­μΌλ΅ μ—…λ΅λ“...
2025-07-14 13:32:30,844 - ftp_icloud_photos_sync - INFO - β… Photos μ•± λ°°μΉ μ¶”κ°€ μ™„λ£: 1κ° νμΌ
2025-07-14 13:32:33,850 - ftp_icloud_photos_sync - INFO - π“¤ 1κ° νμΌμ„ 1λ²μ μ”μ²­μΌλ΅ μ—…λ΅λ“...
2025-07-14 13:32:34,039 - ftp_icloud_photos_sync - INFO - β… Photos μ•± λ°°μΉ μ¶”κ°€ μ™„λ£: 1κ° νμΌ
2025-07-14 13:32:37,045 - ftp_icloud_photos_sync - INFO - π“¤ 1κ° νμΌμ„ 1λ²μ μ”μ²­μΌλ΅ μ—…λ΅λ“...
2025-07-14 13:32:37,219 - ftp_icloud_photos_sync - INFO - β… Photos μ•± λ°°μΉ μ¶”κ°€ μ™„λ£: 1κ° νμΌ
2025-07-14 13:32:40,224 - ftp_icloud_photos_sync - INFO - π“¤ 1κ° νμΌμ„ 1λ²μ μ”μ²­μΌλ΅ μ—…λ΅λ“...
2025-07-14 13:32:40,397 - ftp_icloud_photos_sync - INFO - β… Photos μ•± λ°°μΉ μ¶”κ°€ μ™„λ£: 1κ° νμΌ
2025-07-14 13:32:43,403 - ftp_icloud_photos_sync - INFO - π“¤ 1κ° νμΌμ„ 1λ²μ μ”μ²­μΌλ΅ μ—…λ΅λ“...
2025-07-14 13:32:43,607 - ftp_icloud_photos_sync - INFO - β… Photos μ•± λ°°μΉ μ¶”κ°€ μ™„λ£: 1κ° νμΌ
2025-07-14 13:32:46,613 - ftp_icloud_photos_sync - INFO - π“¤ 1κ° νμΌμ„ 1λ²μ μ”μ²­μΌλ΅ μ—…λ΅λ“...
2025-07-14 13:32:46,810 - ftp_icloud_photos_sync - INFO - β… Photos μ•± λ°°μΉ μ¶”κ°€ μ™„λ£: 1κ° νμΌ
2025-07-14 13:32:49,815 - ftp_icloud_photos_sync - INFO - π“¤ 1κ° νμΌμ„ 1λ²μ μ”μ²­μΌλ΅ μ—…λ΅λ“...
2025-07-14 13:32:50,008 - ftp_icloud_photos_sync - INFO - β… Photos μ•± λ°°μΉ μ¶”κ°€ μ™„λ£: 1κ° νμΌ
2025-07-14 13:32:53,013 - ftp_icloud_photos_sync - INFO - π“¤ 1κ° νμΌμ„ 1λ²μ μ”μ²­μΌλ΅ μ—…λ΅λ“...
2025-07-14 13:32:53,184 - ftp_icloud_photos_sync - INFO - β… Photos μ•± λ°°μΉ μ¶”κ°€ μ™„λ£: 1κ° νμΌ
2025-07-14 13:32:56,189 - ftp_icloud_photos_sync - INFO - π“¤ 1κ° νμΌμ„ 1λ²μ μ”μ²­μΌλ΅ μ—…λ΅λ“...
2025-07-14 13:32:56,369 - ftp_icloud_photos_sync - INFO - β… Photos μ•± λ°°μΉ μ¶”κ°€ μ™„λ£: 1κ° νμΌ
2025-07-14 13:32:59,375 - ftp_icloud_photos_sync - INFO - π“¤ 1κ° νμΌμ„ 1λ²μ μ”μ²­μΌλ΅ μ—…λ΅λ“...
2025-07-14 13:32:59,618 - ftp_icloud_photos_sync - INFO - β… Photos μ•± λ°°μΉ μ¶”κ°€ μ™„λ£: 1κ° νμΌ
2025-07-14 13:33:02,624 - ftp_icloud_photos_sync - INFO - π“¤ 1κ° νμΌμ„ 1λ²μ μ”μ²­μΌλ΅ μ—…λ΅λ“...
2025-07-14 13:33:02,819 - ftp_icloud_photos_sync - INFO - β… Photos μ•± λ°°μΉ μ¶”κ°€ μ™„λ£: 1κ° νμΌ
2025-07-14 13:33:05,824 - ftp_icloud_photos_sync - INFO - π“¤ 1κ° νμΌμ„ 1λ²μ μ”μ²­μΌλ΅ μ—…λ΅λ“...
2025-07-14 13:33:06,006 - ftp_icloud_photos_sync - INFO - β… Photos μ•± λ°°μΉ μ¶”κ°€ μ™„λ£: 1κ° νμΌ
2025-07-14 13:33:09,012 - ftp_icloud_photos_sync - INFO - π“¤ 1κ° νμΌμ„ 1λ²μ μ”μ²­μΌλ΅ μ—…λ΅λ“...
2025-07-14 13:33:09,247 - ftp_icloud_photos_sync - INFO - β… Photos μ•± λ°°μΉ μ¶”κ°€ μ™„λ£: 1κ° νμΌ
2025-07-14 13:33:12,255 - ftp_icloud_photos_sync - INFO - π“¤ 1κ° νμΌμ„ 1λ²μ μ”μ²­μΌλ΅ μ—…λ΅λ“...
2025-07-14 13:33:12,466 - ftp_icloud_photos_sync - INFO - β… Photos μ•± λ°°μΉ μ¶”κ°€ μ™„λ£: 1κ° νμΌ
2025-07-14 13:33:15,472 - ftp_icloud_photos_sync - INFO - π“¤ 1κ° νμΌμ„ 1λ²μ μ”μ²­μΌλ΅ μ—…λ΅λ“...
2025-07-14 13:33:15,662 - ftp_icloud_photos_sync - INFO - β… Photos μ•± λ°°μΉ μ¶”κ°€ μ™„λ£: 1κ° νμΌ
2025-07-14 13:33:18,666 - ftp_icloud_photos_sync - INFO - π“¤ 1κ° νμΌμ„ 1λ²μ μ”μ²­μΌλ΅ μ—…λ΅λ“...
2025-07-14 13:33:18,878 - ftp_icloud_photos_sync - INFO - β… Photos μ•± λ°°μΉ μ¶”κ°€ μ™„λ£: 1κ° νμΌ
2025-07-14 13:33:21,882 - ftp_icloud_photos_sync - INFO - π“¤ 1κ° νμΌμ„ 1λ²μ μ”μ²­μΌλ΅ μ—…λ΅λ“...
2025-07-14 13:33:22,076 - ftp_icloud_photos_sync - INFO - β… Photos μ•± λ°°μΉ μ¶”κ°€ μ™„λ£: 1κ° νμΌ
2025-07-14 13:33:25,082 - ftp_icloud_photos_sync - INFO - π“¤ 1κ° νμΌμ„ 1λ²μ μ”μ²­μΌλ΅ μ—…λ΅λ“...
2025-07-14 13:33:25,297 - ftp_icloud_photos_sync - INFO - β… Photos μ•± λ°°μΉ μ¶”κ°€ μ™„λ£: 1κ° νμΌ
2025-07-14 13:33:28,301 - ftp_icloud_photos_sync - INFO - π“¤ 1κ° νμΌμ„ 1λ²μ μ”μ²­μΌλ΅ μ—…λ΅λ“...
2025-07-14 13:33:28,540 - ftp_icloud_photos_sync - INFO - β… Photos μ•± λ°°μΉ μ¶”κ°€ μ™„λ£: 1κ° νμΌ
2025-07-14 13:33:31,546 - ftp_icloud_photos_sync - INFO - π“¤ 1κ° νμΌμ„ 1λ²μ μ”μ²­μΌλ΅ μ—…λ΅λ“...
2025-07-14 13:33:31,759 - ftp_icloud_photos_sync - INFO - β… Photos μ•± λ°°μΉ μ¶”κ°€ μ™„λ£: 1κ° νμΌ
2025-07-14 13:33:34,765 - ftp_icloud_photos_sync - INFO - π“¤ 1κ° νμΌμ„ 1λ²μ μ”μ²­μΌλ΅ μ—…λ΅λ“...
2025-07-14 13:33:35,005 - ftp_icloud_photos_sync - INFO - β… Photos μ•± λ°°μΉ μ¶”κ°€ μ™„λ£: 1κ° νμΌ
2025-07-14 13:33:38,011 - ftp_icloud_photos_sync - INFO - π“¤ 1κ° νμΌμ„ 1λ²μ μ”μ²­μΌλ΅ μ—…λ΅λ“...
2025-07-14 13:33:38,213 - ftp_icloud_photos_sync - INFO - β… Photos μ•± λ°°μΉ μ¶”κ°€ μ™„λ£: 1κ° νμΌ
2025-07-14 13:33:41,219 - ftp_icloud_photos_sync - INFO - π“¤ 1κ° νμΌμ„ 1λ²μ μ”μ²­μΌλ΅ μ—…λ΅λ“...
2025-07-14 13:33:41,420 - ftp_icloud_photos_sync - INFO - β… Photos μ•± λ°°μΉ μ¶”κ°€ μ™„λ£: 1κ° νμΌ
2025-07-14 13:33:44,426 - ftp_icloud_photos_sync - INFO - π“¤ 1κ° νμΌμ„ 1λ²μ μ”μ²­μΌλ΅ μ—…λ΅λ“...
2025-07-14 13:33:44,620 - ftp_icloud_photos_sync - INFO - β… Photos μ•± λ°°μΉ μ¶”κ°€ μ™„λ£: 1κ° νμΌ
2025-07-14 13:33:47,622 - ftp_icloud_photos_sync - INFO - π“¤ 1κ° νμΌμ„ 1λ²μ μ”μ²­μΌλ΅ μ—…λ΅λ“...
2025-07-14 13:33:47,824 - ftp_icloud_photos_sync - INFO - β… Photos μ•± λ°°μΉ μ¶”κ°€ μ™„λ£: 1κ° νμΌ
2025-07-14 13:33:50,830 - ftp_icloud_photos_sync - INFO - π“¤ 1κ° νμΌμ„ 1λ²μ μ”μ²­μΌλ΅ μ—…λ΅λ“...
2025-07-14 13:33:51,033 - ftp_icloud_photos_sync - INFO - β… Photos μ•± λ°°μΉ μ¶”κ°€ μ™„λ£: 1κ° νμΌ
2025-07-14 13:33:54,036 - ftp_icloud_photos_sync - INFO - π“¤ 1κ° νμΌμ„ 1λ²μ μ”μ²­μΌλ΅ μ—…λ΅λ“...
2025-07-14 13:33:54,219 - ftp_icloud_photos_sync - INFO - β… Photos μ•± λ°°μΉ μ¶”κ°€ μ™„λ£: 1κ° νμΌ
2025-07-14 13:33:57,225 - ftp_icloud_photos_sync - INFO - π“¤ 1κ° νμΌμ„ 1λ²μ μ”μ²­μΌλ΅ μ—…λ΅λ“...
2025-07-14 13:33:57,393 - ftp_icloud_photos_sync - INFO - β… Photos μ•± λ°°μΉ μ¶”κ°€ μ™„λ£: 1κ° νμΌ
2025-07-14 13:34:00,398 - ftp_icloud_photos_sync - INFO - π“¤ 1κ° νμΌμ„ 1λ²μ μ”μ²­μΌλ΅ μ—…λ΅λ“...
2025-07-14 13:34:00,566 - ftp_icloud_photos_sync - INFO - β… Photos μ•± λ°°μΉ μ¶”κ°€ μ™„λ£: 1κ° νμΌ
